Start testing: Aug 15 15:04 CEST
----------------------------------------------------------
1/1 Testing: tests
1/1 Test: tests
Command: "/home/manuel/Medieninformatik/Programmiersprachen/Aufgaben/Aufgabenblatt8/raytracer/build/build/Release/tests"
Directory: /home/manuel/Medieninformatik/Programmiersprachen/Aufgaben/Aufgabenblatt8/raytracer/build
"tests" start time: Aug 15 15:04 CEST
Output:
----------------------------------------------------------
[Camera] position: fvec3(0.000000, 0.000000, 0.000000)
direction: fvec3(1.000000, 0.000000, 0.000000)
[Camera] position: fvec3(0.000000, 0.000000, 0.000000)
direction: fvec3(3.000000, 3.000000, 3.000000)
===============================================================================
All tests passed (12 assertions in 4 test cases)

<end of output>
Test time =   0.00 sec
----------------------------------------------------------
Test Passed.
"tests" end time: Aug 15 15:04 CEST
"tests" time elapsed: 00:00:00
----------------------------------------------------------

End testing: Aug 15 15:04 CEST
